[debug] [2022-12-08T09:34:08.635Z] ----------------------------------------------------------------------
[debug] [2022-12-08T09:34:08.638Z] Command:       C:\Program Files\nodejs\node.exe C:\Users\risha\AppData\Roaming\npm\node_modules\firebase-tools\lib\bin\firebase.js init
[debug] [2022-12-08T09:34:08.638Z] CLI Version:   11.17.0
[debug] [2022-12-08T09:34:08.638Z] Platform:      win32
[debug] [2022-12-08T09:34:08.638Z] Node Version:  v18.12.1
[debug] [2022-12-08T09:34:08.640Z] Time:          Thu Dec 08 2022 15:04:08 GMT+0530 (India Standard Time)
[debug] [2022-12-08T09:34:08.640Z] ----------------------------------------------------------------------
[debug] 
[debug] [2022-12-08T09:34:08.648Z] > command requires scopes: ["email","openid","https://www.googleapis.com/auth/cloudplatformprojects.readonly","https://www.googleapis.com/auth/firebase","https://www.googleapis.com/auth/cloud-platform"]
[debug] [2022-12-08T09:34:08.649Z] > authorizing via signed-in user (rishab.james@gmail.com)
[info] 
     ######## #### ########  ######## ########     ###     ######  ########
     ##        ##  ##     ## ##       ##     ##  ##   ##  ##       ##
     ######    ##  ########  ######   ########  #########  ######  ######
     ##        ##  ##    ##  ##       ##     ## ##     ##       ## ##
     ##       #### ##     ## ######## ########  ##     ##  ######  ########

You're about to initialize a Firebase project in this directory:

  C:\Users\risha\Documents\Thing\mern-goals

[info] 
=== Project Setup
[info] 
[info] First, let's associate this project directory with a Firebase project.
[info] You can create multiple project aliases by running firebase use --add, 
[info] but for now we'll just set up a default project.
[info] 
[debug] [2022-12-08T09:34:19.108Z] >>> [apiv2][query] GET https://firebase.googleapis.com/v1beta1/projects pageSize=100
[debug] [2022-12-08T09:34:20.066Z] <<< [apiv2][status] GET https://firebase.googleapis.com/v1beta1/projects 200
[debug] [2022-12-08T09:34:20.066Z] <<< [apiv2][body] GET https://firebase.googleapis.com/v1beta1/projects [omitted]
[info] i  Using project goalsetter-3e365 (Goalsetter) 
[info] 
=== Hosting Setup
[info] 
[info] Your public directory is the folder (relative to your project directory) that
[info] will contain Hosting assets to be uploaded with firebase deploy. If you
[info] have a build process for your assets, use your build's output directory.
[info] 
[debug] [2022-12-08T09:34:39.229Z] >>> [apiv2][query] GET https://www.gstatic.com/firebasejs/releases.json [none]
[debug] [2022-12-08T09:34:39.349Z] <<< [apiv2][status] GET https://www.gstatic.com/firebasejs/releases.json 200
[debug] [2022-12-08T09:34:39.349Z] <<< [apiv2][body] GET https://www.gstatic.com/firebasejs/releases.json {"current":{"version":"9.14.0","browserURL":"https://www.gstatic.com/firebasejs/9.14.0/firebase.js","packageURL":"https://www.gstatic.com/firebasejs/9.14.0/firebase.tgz"},"live":{"version":"9.14","browserURL":"https://www.gstatic.com/firebasejs/live/9.14/firebase.js","packageURL":"https://www.gstatic.com/firebasejs/live/9.14/firebase.tgz"},"components":{"analytics":"https://www.gstatic.com/firebasejs/9.14.0/firebase-analytics.js","app":"https://www.gstatic.com/firebasejs/9.14.0/firebase-app.js","app-check":"https://www.gstatic.com/firebasejs/9.14.0/firebase-app-check.js","auth":"https://www.gstatic.com/firebasejs/9.14.0/firebase-auth.js","auth/cordova":"https://www.gstatic.com/firebasejs/9.14.0/firebase-auth/cordova.js","auth/react-native":"https://www.gstatic.com/firebasejs/9.14.0/firebase-auth/react-native.js","functions":"https://www.gstatic.com/firebasejs/9.14.0/firebase-functions.js","firestore":"https://www.gstatic.com/firebasejs/9.14.0/firebase-firestore.js","firestore/lite":"https://www.gstatic.com/firebasejs/9.14.0/firebase-firestore/lite.js","installations":"https://www.gstatic.com/firebasejs/9.14.0/firebase-installations.js","storage":"https://www.gstatic.com/firebasejs/9.14.0/firebase-storage.js","performance":"https://www.gstatic.com/firebasejs/9.14.0/firebase-performance.js","remote-config":"https://www.gstatic.com/firebasejs/9.14.0/firebase-remote-config.js","messaging":"https://www.gstatic.com/firebasejs/9.14.0/firebase-messaging.js","messaging/sw":"https://www.gstatic.com/firebasejs/9.14.0/firebase-messaging/sw.js","database":"https://www.gstatic.com/firebasejs/9.14.0/firebase-database.js","firestore.memory":"https://www.gstatic.com/firebasejs/9.14.0/firebase-firestore.memory.js"}}
[info] +  Wrote public/index.html 
[info] 
[info] i  Detected a .git folder at C:\Users\risha\Documents\Thing\mern-goals 
[info] i  Authorizing with GitHub to upload your service account to a GitHub repository's secrets store. 
[info] 
[info] Visit this URL on this device to log in:
[info] https://github.com/login/oauth/authorize?client_id=89cf50f02ac6aaed3484&state=138099925&redirect_uri=http%3A%2F%2Flocalhost%3A9005&scope=read%3Auser%20repo%20public_repo
[info] 
[info] Waiting for authentication...
[debug] [2022-12-08T09:34:49.903Z] >>> [apiv2][query] POST https://github.com/login/oauth/access_token [none]
[debug] [2022-12-08T09:34:49.903Z] >>> [apiv2][body] POST https://github.com/login/oauth/access_token [stream]
[debug] [2022-12-08T09:34:50.456Z] <<< [apiv2][status] POST https://github.com/login/oauth/access_token 200
[debug] [2022-12-08T09:34:50.456Z] <<< [apiv2][body] POST https://github.com/login/oauth/access_token {"access_token":"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","token_type":"bearer","scope":"read:user,repo"}
[debug] [2022-12-08T09:34:50.484Z] >>> [apiv2][query] GET https://api.github.com/user [none]
[debug] [2022-12-08T09:34:50.942Z] <<< [apiv2][status] GET https://api.github.com/user 200
[debug] [2022-12-08T09:34:50.942Z] <<< [apiv2][body] GET https://api.github.com/user {"login":"rishabnt","id":41381503,"node_id":"MDQ6VXNlcjQxMzgxNTAz","avatar_url":"https://avatars.githubusercontent.com/u/41381503?v=4","gravatar_id":"","url":"https://api.github.com/users/rishabnt","html_url":"https://github.com/rishabnt","followers_url":"https://api.github.com/users/rishabnt/followers","following_url":"https://api.github.com/users/rishabnt/following{/other_user}","gists_url":"https://api.github.com/users/rishabnt/gists{/gist_id}","starred_url":"https://api.github.com/users/rishabnt/starred{/owner}{/repo}","subscriptions_url":"https://api.github.com/users/rishabnt/subscriptions","organizations_url":"https://api.github.com/users/rishabnt/orgs","repos_url":"https://api.github.com/users/rishabnt/repos","events_url":"https://api.github.com/users/rishabnt/events{/privacy}","received_events_url":"https://api.github.com/users/rishabnt/received_events","type":"User","site_admin":false,"name":"Rishab N T","company":"Infosys Ltd.","blog":"","location":null,"email":null,"hireable":null,"bio":null,"twitter_username":null,"public_repos":2,"public_gists":0,"followers":0,"following":0,"created_at":"2018-07-18T14:37:23Z","updated_at":"2022-11-13T14:50:56Z","private_gists":0,"total_private_repos":1,"owned_private_repos":1,"disk_usage":1394,"collaborators":0,"two_factor_authentication":false,"plan":{"name":"free","space":976562499,"collaborators":0,"private_repos":10000}}
[info] 
[info] +  Success! Logged into GitHub as rishabnt 
[info] 
